#
# A fatal error has been detected by the Java Runtime Environment:
#
#  EXCEPTION_ACCESS_VIOLATION (0xc0000005) at pc=0x0000000053cac01d, pid=8112, tid=0x0000000000000b00
#
# JRE version: Java(TM) SE Runtime Environment (8.0_181-b13) (build 1.8.0_181-b13)
# Java VM: Java HotSpot(TM) 64-Bit Server VM (25.181-b13 mixed mode windows-amd64 compressed oops)
# Problematic frame:
# C  [msvcr100.dll+0x3c01d]
#
# Failed to write core dump. Minidumps are not enabled by default on client versions of Windows
#
# If you would like to submit a bug report, please visit:
#   http://bugreport.java.com/bugreport/crash.jsp
# The crash happened outside the Java Virtual Machine in native code.
# See problematic frame for where to report the bug.
#

---------------  T H R E A D  ---------------

Current thread (0x000000000322e800):  JavaThread "main" [_thread_in_native, id=2816, stack(0x0000000003230000,0x0000000003330000)]

siginfo: ExceptionCode=0xc0000005, writing address 0x0000000000000000

Registers:
RAX=0x2a00542600522400, RBX=0x0000000000000000, RCX=0x0000000000000020, RDX=0x0000000017d7b5a0
RSP=0x000000000332f198, RBP=0x00000000000001e0, RSI=0x0000000000000780, RDI=0x0000000017d7b5a0
R8 =0x0000000000000780, R9 =0x000000000000003c, R10=0x004e220050270053, R11=0x0000000000000000
R12=0xfffffffffffff880, R13=0x0000000000000000, R14=0x000000000332f380, R15=0x000000000322e800
RIP=0x0000000053cac01d, EFLAGS=0x0000000000010202

Top of Stack: (sp=0x000000000332f198)
0x000000000332f198:   00007ff95198422e 0000000000000000
0x000000000332f1a8:   000000000332f2c0 000000000332f380
0x000000000332f1b8:   0000000000000000 0000000000000000
0x000000000332f1c8:   00007ff95198599b 00007ff951b9e600
0x000000000332f1d8:   0000000000000000 0000000000000000
0x000000000332f1e8:   00007ff951b9e640 00000000000001e0
0x000000000332f1f8:   0000000000000000 000000000332f201
0x000000000332f208:   0000000053f2c447 0000000015392420
0x000000000332f218:   0000000000000000 0000000000000000
0x000000000332f228:   00007ff951986946 0000000000000000
0x000000000332f238:   000000000322e800 00007ff951b9e640
0x000000000332f248:   0000000017567330 00000000153b7901
0x000000000332f258:   000000000332f380 000000000322e9f8
0x000000000332f268:   00007ff9519710b2 0000000000000000
0x000000000332f278:   0000000000000000 000000000332f360
0x000000000332f288:   0000000001200021 00000000153b79d0 

Instructions: (pc=0x0000000053cac01d)
0x0000000053cabffd:   00 00 00 66 66 66 90 66 66 90 49 81 f9 00 20 00
0x0000000053cac00d:   00 73 42 48 8b 04 0a 4c 8b 54 0a 08 48 83 c1 20
0x0000000053cac01d:   48 89 41 e0 4c 89 51 e8 48 8b 44 0a f0 4c 8b 54
0x0000000053cac02d:   0a f8 49 ff c9 48 89 41 f0 4c 89 51 f8 75 d4 49 


Register to memory mapping:

RAX=0x2a00542600522400 is an unknown value
RBX=0x0000000000000000 is an unknown value
RCX=0x0000000000000020 is an unknown value
RDX=0x0000000017d7b5a0 is an unknown value
RSP=0x000000000332f198 is pointing into the stack for thread: 0x000000000322e800
RBP=0x00000000000001e0 is an unknown value
RSI=0x0000000000000780 is an unknown value
RDI=0x0000000017d7b5a0 is an unknown value
R8 =0x0000000000000780 is an unknown value
R9 =0x000000000000003c is an unknown value
R10=0x004e220050270053 is an unknown value
R11=0x0000000000000000 is an unknown value
R12=0xfffffffffffff880 is an unknown value
R13=0x0000000000000000 is an unknown value
R14=0x000000000332f380 is pointing into the stack for thread: 0x000000000322e800
R15=0x000000000322e800 is a thread


Stack: [0x0000000003230000,0x0000000003330000],  sp=0x000000000332f198,  free space=1020k
Native frames: (J=compiled Java code, j=interpreted, Vv=VM code, C=native code)
C  [msvcr100.dll+0x3c01d]
C  [opencv_highgui248.dll+0x1422e]
C  [opencv_highgui248.dll+0x1599b]
C  [opencv_highgui248.dll+0x16946]
C  [opencv_highgui248.dll+0x10b2]
C  [jniopencv_highgui.dll+0x75d9]
C  0x0000000003448c67

Java frames: (J=compiled Java code, j=interpreted, Vv=VM code)
j  com.googlecode.javacv.cpp.opencv_highgui.cvQueryFrame(Lcom/googlecode/javacv/cpp/opencv_highgui$CvCapture;)Lcom/googlecode/javacv/cpp/opencv_core$IplImage;+0
j  imageprocessing.ContourDemo.main([Ljava/lang/String;)V+127
v  ~StubRoutines::call_stub

---------------  P R O C E S S  ---------------

Java Threads: ( => current thread )
  0x0000000017293800 JavaThread "Service Thread" daemon [_thread_blocked, id=2212, stack(0x0000000017670000,0x0000000017770000)]
  0x0000000015922000 JavaThread "C1 CompilerThread2" daemon [_thread_blocked, id=9972, stack(0x0000000017170000,0x0000000017270000)]
  0x000000001591d000 JavaThread "C2 CompilerThread1" daemon [_thread_blocked, id=9888, stack(0x0000000017070000,0x0000000017170000)]
  0x0000000015919800 JavaThread "C2 CompilerThread0" daemon [_thread_blocked, id=6096, stack(0x0000000016f70000,0x0000000017070000)]
  0x0000000015926800 JavaThread "Attach Listener" daemon [_thread_blocked, id=2908, stack(0x0000000016e70000,0x0000000016f70000)]
  0x0000000015925800 JavaThread "Signal Dispatcher" daemon [_thread_blocked, id=6264, stack(0x0000000016d70000,0x0000000016e70000)]
  0x000000000342b000 JavaThread "Finalizer" daemon [_thread_blocked, id=7224, stack(0x0000000016b80000,0x0000000016c80000)]
  0x0000000003422000 JavaThread "Reference Handler" daemon [_thread_blocked, id=9188, stack(0x0000000016a80000,0x0000000016b80000)]
=>0x000000000322e800 JavaThread "main" [_thread_in_native, id=2816, stack(0x0000000003230000,0x0000000003330000)]

Other Threads:
  0x00000000158e7000 VMThread [stack: 0x0000000016980000,0x0000000016a80000] [id=2876]
  0x00000000172b8000 WatcherThread [stack: 0x0000000017770000,0x0000000017870000] [id=876]

VM state:not at safepoint (normal execution)

VM Mutex/Monitor currently owned by a thread: None

Heap:
 PSYoungGen      total 18432K, used 6588K [0x00000000ebc00000, 0x00000000ed080000, 0x0000000100000000)
  eden space 15872K, 41% used [0x00000000ebc00000,0x00000000ec26f108,0x00000000ecb80000)
  from space 2560K, 0% used [0x00000000ece00000,0x00000000ece00000,0x00000000ed080000)
  to   space 2560K, 0% used [0x00000000ecb80000,0x00000000ecb80000,0x00000000ece00000)
 ParOldGen       total 42496K, used 0K [0x00000000c3400000, 0x00000000c5d80000, 0x00000000ebc00000)
  object space 42496K, 0% used [0x00000000c3400000,0x00000000c3400000,0x00000000c5d80000)
 Metaspace       used 4587K, capacity 5408K, committed 5760K, reserved 1056768K
  class space    used 506K, capacity 528K, committed 640K, reserved 1048576K

Card table byte_map: [0x00000000127f0000,0x00000000129e0000] byte_map_base: 0x00000000121d6000

Marking Bits: (ParMarkBitMap*) 0x0000000054572d00
 Begin Bits: [0x0000000012f30000, 0x0000000013e60000)
 End Bits:   [0x0000000013e60000, 0x0000000014d90000)

Polling page: 0x0000000001440000

CodeCache: size=245760Kb used=2122Kb max_used=2122Kb free=243637Kb
 bounds [0x0000000003430000, 0x00000000036a0000, 0x0000000012430000]
 total_blobs=729 nmethods=384 adapters=258
 compilation: enabled

Compilation events (10 events):
Event: 1.169 Thread 0x0000000015922000  381       3       com.googlecode.javacpp.Pointer::deallocateReferences (28 bytes)
Event: 1.169 Thread 0x0000000015922000 nmethod 381 0x0000000003642010 code [0x00000000036421e0, 0x0000000003642ae8]
Event: 1.169 Thread 0x0000000015922000  382       3       java.lang.Object::equals (11 bytes)
Event: 1.169 Thread 0x0000000015922000 nmethod 382 0x000000000363ee50 code [0x000000000363efa0, 0x000000000363f150]
Event: 1.169 Thread 0x0000000015922000  383   !   3       com.googlecode.javacpp.Pointer$DeallocatorReference::add (49 bytes)
Event: 1.170 Thread 0x0000000015922000 nmethod 383 0x0000000003642dd0 code [0x0000000003642f40, 0x0000000003643310]
Event: 1.170 Thread 0x0000000015922000  384       3       com.googlecode.javacpp.Pointer::<init> (30 bytes)
Event: 1.170 Thread 0x0000000015922000 nmethod 384 0x0000000003643450 code [0x00000000036435a0, 0x0000000003643790]
Event: 1.170 Thread 0x0000000015922000  379       3       com.googlecode.javacpp.Pointer::isNull (15 bytes)
Event: 1.170 Thread 0x0000000015922000 nmethod 379 0x000000000363ea90 code [0x000000000363ebe0, 0x000000000363ed90]

GC Heap History (0 events):
No events

Deoptimization events (0 events):
No events

Classes redefined (0 events):
No events

Internal exceptions (10 events):
Event: 0.075 Thread 0x000000000322e800 Exception <a 'java/security/PrivilegedActionException'> (0x00000000ebc80098) thrown at [C:\re\workspace\8-2-build-windows-amd64-cygwin\jdk8u181\11358\hotspot\src\share\vm\prims\jvm.cpp, line 1435]
Event: 0.075 Thread 0x000000000322e800 Exception <a 'java/security/PrivilegedActionException'> (0x00000000ebc802a8) thrown at [C:\re\workspace\8-2-build-windows-amd64-cygwin\jdk8u181\11358\hotspot\src\share\vm\prims\jvm.cpp, line 1435]
Event: 0.075 Thread 0x000000000322e800 Exception <a 'java/security/PrivilegedActionException'> (0x00000000ebc81150) thrown at [C:\re\workspace\8-2-build-windows-amd64-cygwin\jdk8u181\11358\hotspot\src\share\vm\prims\jvm.cpp, line 1435]
Event: 0.075 Thread 0x000000000322e800 Exception <a 'java/security/PrivilegedActionException'> (0x00000000ebc81360) thrown at [C:\re\workspace\8-2-build-windows-amd64-cygwin\jdk8u181\11358\hotspot\src\share\vm\prims\jvm.cpp, line 1435]
Event: 0.076 Thread 0x000000000322e800 Exception <a 'java/security/PrivilegedActionException'> (0x00000000ebc822b0) thrown at [C:\re\workspace\8-2-build-windows-amd64-cygwin\jdk8u181\11358\hotspot\src\share\vm\prims\jvm.cpp, line 1435]
Event: 0.076 Thread 0x000000000322e800 Exception <a 'java/security/PrivilegedActionException'> (0x00000000ebc824c0) thrown at [C:\re\workspace\8-2-build-windows-amd64-cygwin\jdk8u181\11358\hotspot\src\share\vm\prims\jvm.cpp, line 1435]
Event: 0.097 Thread 0x000000000322e800 Exception <a 'java/security/PrivilegedActionException'> (0x00000000ebd51b60) thrown at [C:\re\workspace\8-2-build-windows-amd64-cygwin\jdk8u181\11358\hotspot\src\share\vm\prims\jvm.cpp, line 1435]
Event: 0.097 Thread 0x000000000322e800 Exception <a 'java/security/PrivilegedActionException'> (0x00000000ebd51d70) thrown at [C:\re\workspace\8-2-build-windows-amd64-cygwin\jdk8u181\11358\hotspot\src\share\vm\prims\jvm.cpp, line 1435]
Event: 0.098 Thread 0x000000000322e800 Exception <a 'java/security/PrivilegedActionException'> (0x00000000ebd55c80) thrown at [C:\re\workspace\8-2-build-windows-amd64-cygwin\jdk8u181\11358\hotspot\src\share\vm\prims\jvm.cpp, line 1435]
Event: 0.098 Thread 0x000000000322e800 Exception <a 'java/security/PrivilegedActionException'> (0x00000000ebd55e90) thrown at [C:\re\workspace\8-2-build-windows-amd64-cygwin\jdk8u181\11358\hotspot\src\share\vm\prims\jvm.cpp, line 1435]

Events (10 events):
Event: 1.155 loading class com/googlecode/javacv/cpp/opencv_imgproc$CLAHE
Event: 1.155 loading class com/googlecode/javacv/cpp/opencv_imgproc$CLAHE done
Event: 1.156 loading class com/googlecode/javacv/cpp/opencv_imgproc$CvDistanceFunction
Event: 1.156 loading class com/googlecode/javacv/cpp/opencv_imgproc$CvDistanceFunction done
Event: 1.156 loading class com/googlecode/javacv/cpp/opencv_imgproc$CvFeatureTree
Event: 1.156 loading class com/googlecode/javacv/cpp/opencv_imgproc$CvFeatureTree done
Event: 1.156 loading class com/googlecode/javacv/cpp/opencv_imgproc$CvContourScanner
Event: 1.156 loading class com/googlecode/javacv/cpp/opencv_imgproc$CvContourScanner done
Event: 1.158 loading class java/nio/FloatBuffer
Event: 1.158 loading class java/nio/FloatBuffer done


Dynamic libraries:
0x00007ff628cf0000 - 0x00007ff628d27000 	C:\Program Files\Java\jdk1.8.0_181\bin\java.exe
0x00007ff977a10000 - 0x00007ff977bf1000 	C:\WINDOWS\SYSTEM32\ntdll.dll
0x00007ff975230000 - 0x00007ff9752e2000 	C:\WINDOWS\System32\KERNEL32.DLL
0x00007ff974bc0000 - 0x00007ff974e33000 	C:\WINDOWS\System32\KERNELBASE.dll
0x00007ff975730000 - 0x00007ff9757d1000 	C:\WINDOWS\System32\ADVAPI32.dll
0x00007ff977730000 - 0x00007ff9777ce000 	C:\WINDOWS\System32\msvcrt.dll
0x00007ff9752f0000 - 0x00007ff97534b000 	C:\WINDOWS\System32\sechost.dll
0x00007ff9777e0000 - 0x00007ff977904000 	C:\WINDOWS\System32\RPCRT4.dll
0x00007ff975510000 - 0x00007ff9756a0000 	C:\WINDOWS\System32\USER32.dll
0x00007ff973eb0000 - 0x00007ff973ed0000 	C:\WINDOWS\System32\win32u.dll
0x00007ff9754e0000 - 0x00007ff975508000 	C:\WINDOWS\System32\GDI32.dll
0x00007ff974730000 - 0x00007ff9748c2000 	C:\WINDOWS\System32\gdi32full.dll
0x00007ff9745e0000 - 0x00007ff97467f000 	C:\WINDOWS\System32\msvcp_win.dll
0x00007ff974ac0000 - 0x00007ff974bba000 	C:\WINDOWS\System32\ucrtbase.dll
0x00007ff96c4f0000 - 0x00007ff96c759000 	C:\WINDOWS\WinSxS\amd64_microsoft.windows.common-controls_6595b64144ccf1df_6.0.17134.523_none_fb409dd930672a56\COMCTL32.dll
0x00007ff974f00000 - 0x00007ff975222000 	C:\WINDOWS\System32\combase.dll
0x00007ff973de0000 - 0x00007ff973e5a000 	C:\WINDOWS\System32\bcryptPrimitives.dll
0x00007ff9758e0000 - 0x00007ff97590d000 	C:\WINDOWS\System32\IMM32.DLL
0x0000000053c70000 - 0x0000000053d42000 	C:\Program Files\Java\jdk1.8.0_181\jre\bin\msvcr100.dll
0x0000000053d50000 - 0x00000000545f2000 	C:\Program Files\Java\jdk1.8.0_181\jre\bin\server\jvm.dll
0x00007ff9777d0000 - 0x00007ff9777d8000 	C:\WINDOWS\System32\PSAPI.DLL
0x00007ff9698e0000 - 0x00007ff9698e9000 	C:\WINDOWS\SYSTEM32\WSOCK32.dll
0x00007ff9757e0000 - 0x00007ff97584c000 	C:\WINDOWS\System32\WS2_32.dll
0x00007ff971a80000 - 0x00007ff971aa3000 	C:\WINDOWS\SYSTEM32\WINMM.dll
0x00007ff971360000 - 0x00007ff97138a000 	C:\WINDOWS\SYSTEM32\WINMMBASE.dll
0x00007ff96c320000 - 0x00007ff96c32a000 	C:\WINDOWS\SYSTEM32\VERSION.dll
0x00007ff973e60000 - 0x00007ff973ea9000 	C:\WINDOWS\System32\cfgmgr32.dll
0x0000000053c20000 - 0x0000000053c2f000 	C:\Program Files\Java\jdk1.8.0_181\jre\bin\verify.dll
0x0000000053bf0000 - 0x0000000053c19000 	C:\Program Files\Java\jdk1.8.0_181\jre\bin\java.dll
0x0000000053bd0000 - 0x0000000053be6000 	C:\Program Files\Java\jdk1.8.0_181\jre\bin\zip.dll
0x00007ff975ce0000 - 0x00007ff977120000 	C:\WINDOWS\System32\SHELL32.dll
0x00007ff975c30000 - 0x00007ff975cd9000 	C:\WINDOWS\System32\shcore.dll
0x00007ff973ed0000 - 0x00007ff9745dd000 	C:\WINDOWS\System32\windows.storage.dll
0x00007ff977280000 - 0x00007ff9772d1000 	C:\WINDOWS\System32\shlwapi.dll
0x00007ff973d90000 - 0x00007ff973da1000 	C:\WINDOWS\System32\kernel.appcore.dll
0x00007ff973d70000 - 0x00007ff973d8f000 	C:\WINDOWS\System32\profapi.dll
0x00007ff973d20000 - 0x00007ff973d6c000 	C:\WINDOWS\System32\powrprof.dll
0x00007ff973db0000 - 0x00007ff973dba000 	C:\WINDOWS\System32\FLTLIB.DLL
0x00000000534f0000 - 0x00000000535c1000 	C:\Users\abhishek maurya\AppData\Local\Temp\javacpp2741487472799\msvcr100.dll
0x0000000053450000 - 0x00000000534e8000 	C:\Users\abhishek maurya\AppData\Local\Temp\javacpp2741487472799\msvcp100.dll
0x0000000066840000 - 0x00000000676b4000 	C:\Users\abhishek maurya\AppData\Local\Temp\javacpp2741487472799\opencv_ffmpeg248_64.dll
0x00007ff95cce0000 - 0x00007ff95cf52000 	C:\Users\abhishek maurya\AppData\Local\Temp\javacpp2741487472799\opencv_core248.dll
0x00007ff951bc0000 - 0x00007ff951e72000 	C:\Users\abhishek maurya\AppData\Local\Temp\javacpp2741487472799\opencv_imgproc248.dll
0x00007ff951970000 - 0x00007ff951bbd000 	C:\Users\abhishek maurya\AppData\Local\Temp\javacpp2741487472799\opencv_highgui248.dll
0x00007ff977120000 - 0x00007ff977271000 	C:\WINDOWS\System32\ole32.dll
0x00007ff977910000 - 0x00007ff9779d2000 	C:\WINDOWS\System32\OLEAUT32.dll
0x00007ff96fda0000 - 0x00007ff96fdbf000 	C:\WINDOWS\SYSTEM32\AVIFIL32.dll
0x00007ff96fce0000 - 0x00007ff96fd09000 	C:\WINDOWS\SYSTEM32\MSVFW32.dll
0x00007ff96f550000 - 0x00007ff96f568000 	C:\WINDOWS\SYSTEM32\AVICAP32.dll
0x00007ff96fd20000 - 0x00007ff96fd3c000 	C:\WINDOWS\SYSTEM32\MSACM32.dll
0x00007ff96a330000 - 0x00007ff96a343000 	C:\Users\abhishek maurya\AppData\Local\Temp\javacpp2741487472799\jniopencv_highgui.dll
0x00007ff971f20000 - 0x00007ff971fb8000 	C:\WINDOWS\system32\uxtheme.dll
0x00007ff975440000 - 0x00007ff9754e0000 	C:\WINDOWS\System32\clbcatq.dll
0x00007ff95e320000 - 0x00007ff95e337000 	C:\Windows\System32\devenum.dll
0x00007ff9772e0000 - 0x00007ff97772b000 	C:\WINDOWS\System32\setupapi.dll
0x00007ff972e10000 - 0x00007ff972e41000 	C:\WINDOWS\SYSTEM32\ntmarta.dll
0x00007ff973ad0000 - 0x00007ff973af7000 	C:\WINDOWS\SYSTEM32\DEVOBJ.dll
0x00007ff974e40000 - 0x00007ff974e97000 	C:\WINDOWS\System32\WINTRUST.dll
0x00007ff973dc0000 - 0x00007ff973dd2000 	C:\WINDOWS\System32\MSASN1.dll
0x00007ff9748d0000 - 0x00007ff974ab2000 	C:\WINDOWS\System32\CRYPT32.dll
0x00007ff95e310000 - 0x00007ff95e31a000 	C:\WINDOWS\SYSTEM32\msdmo.dll
0x00007ff96a700000 - 0x00007ff96a733000 	C:\Windows\System32\qcap.dll
0x00007ff96a540000 - 0x00007ff96a6fd000 	C:\Windows\System32\quartz.dll
0x00007ff973820000 - 0x00007ff973845000 	C:\Windows\System32\bcrypt.dll
0x00007ff975ab0000 - 0x00007ff975c23000 	C:\WINDOWS\System32\MSCTF.dll
0x00007ff972310000 - 0x00007ff972339000 	C:\WINDOWS\system32\dwmapi.dll
0x00007ff96a3e0000 - 0x00007ff96a42b000 	C:\Windows\System32\mfksproxy.dll
0x00007ff96f1a0000 - 0x00007ff96f1bd000 	C:\Windows\System32\ATL.DLL
0x00007ff96e6d0000 - 0x00007ff96e8ab000 	C:\Windows\System32\MFPlat.DLL
0x00007ff96e3e0000 - 0x00007ff96e40e000 	C:\Windows\System32\RTWorkQ.DLL
0x00007ff96a350000 - 0x00007ff96a39e000 	C:\Windows\System32\MFSENSORGROUP.dll
0x00007ff9625c0000 - 0x00007ff962608000 	C:\Windows\System32\ksproxy.ax
0x00007ff96d100000 - 0x00007ff96d109000 	C:\Windows\System32\ksuser.dll
0x00007ff962420000 - 0x00007ff9625b7000 	C:\Windows\System32\d3d9.dll
0x00007ff96f3b0000 - 0x00007ff96f42f000 	C:\WINDOWS\SYSTEM32\policymanager.dll
0x00007ff9702e0000 - 0x00007ff970371000 	C:\Windows\System32\msvcp110_win.dll
0x00007ff96f520000 - 0x00007ff96f52c000 	C:\Windows\System32\vidcap.ax
0x00007ff96a510000 - 0x00007ff96a536000 	C:\Windows\System32\kswdmcap.ax
0x00007ff9622b0000 - 0x00007ff962414000 	C:\Windows\System32\MFC42.dll
0x00007ff962210000 - 0x00007ff9622af000 	C:\Windows\System32\qedit.dll
0x00007ff975350000 - 0x00007ff97543d000 	C:\WINDOWS\System32\COMDLG32.dll
0x00007ff96c350000 - 0x00007ff96c4ea000 	C:\WINDOWS\WinSxS\amd64_microsoft.windows.gdiplus_6595b64144ccf1df_1.1.17134.523_none_2c2b90be8af9a424\gdiplus.dll
0x00007ff962110000 - 0x00007ff962206000 	C:\Windows\System32\DDRAW.dll
0x00007ff972a90000 - 0x00007ff972b4b000 	C:\Windows\System32\dxgi.dll
0x00007ff96e1b0000 - 0x00007ff96e1b8000 	C:\Windows\System32\DCIMAN32.dll
0x00007ff96e1a0000 - 0x00007ff96e1ac000 	C:\WINDOWS\SYSTEM32\msyuv.dll
0x00007ff961290000 - 0x00007ff96132a000 	C:\Users\abhishek maurya\AppData\Local\Temp\javacpp2741487472799\jniopencv_core.dll
0x00007ff961c60000 - 0x00007ff961cad000 	C:\Users\abhishek maurya\AppData\Local\Temp\javacpp2741487472799\jniopencv_imgproc.dll
0x00007ff96c030000 - 0x00007ff96c0c6000 	C:\WINDOWS\System32\TextInputFramework.dll
0x00007ff96b150000 - 0x00007ff96b46e000 	C:\WINDOWS\System32\CoreUIComponents.dll
0x00007ff971650000 - 0x00007ff97172a000 	C:\WINDOWS\System32\CoreMessaging.dll
0x00007ff96efa0000 - 0x00007ff96f0ed000 	C:\WINDOWS\SYSTEM32\wintypes.dll
0x00007ff972720000 - 0x00007ff9728e9000 	C:\WINDOWS\SYSTEM32\dbghelp.dll

VM Arguments:
jvm_args: -Dfile.encoding=UTF-8 
java_command: imageprocessing.ContourDemo
java_class_path (initial): E:\installllll\opencv\build\java\opencv-400.jar;C:\javacv-bin\javacpp.jar;C:\javacv-bin\javacv-android-arm.jar;C:\javacv-bin\javacv-linux-x86.jar;C:\javacv-bin\javacv-linux-x86_64.jar;C:\javacv-bin\javacv-macosx-x86_64.jar;C:\javacv-bin\javacv-windows-x86.jar;C:\javacv-bin\javacv-windows-x86_64.jar;C:\javacv-bin\javacv.jar;C:\javacv-cppjars\ffmpeg-2.1.1-windows-x86.jar;C:\javacv-cppjars\ffmpeg-2.1.1-windows-x86_64.jar;C:\javacv-cppjars\opencv-2.4.8-windows-x86.jar;C:\javacv-cppjars\opencv-2.4.8-windows-x86_64.jar;C:\Users\abhishek maurya\Documents\NetBeansProjects\ImageProcessing\build\classes
Launcher Type: SUN_STANDARD

Environment Variables:
PATH=C:\oraclexe\app\oracle\product\11.2.0\server\bin;;C:\Program Files (x86)\Common Files\Oracle\Java\javapath;C:\ProgramData\Oracle\Java\javapath;C:\WINDOWS\system32;C:\WINDOWS;C:\WINDOWS\System32\Wbem;C:\WINDOWS\System32\WindowsPowerShell\v1.0\;C:\WINDOWS\System32\OpenSSH\;E:\installllll\;C:\Users\abhishek maurya\AppData\Local\Microsoft\WindowsApps;C:\Users\abhishek maurya\AppData\Roaming\npm
USERNAME=bikrant bikram
OS=Windows_NT
PROCESSOR_IDENTIFIER=Intel64 Family 6 Model 142 Stepping 9, GenuineIntel



---------------  S Y S T E M  ---------------

OS: Windows 10.0 , 64 bit Build 17134 (10.0.17134.1)

CPU:total 4 (initial active 4) (2 cores per cpu, 2 threads per core) family 6 model 142 stepping 9, cmov, cx8, fxsr, mmx, sse, sse2, sse3, ssse3, sse4.1, sse4.2, popcnt, avx, avx2, aes, clmul, erms, 3dnowpref, lzcnt, ht, tsc, tscinvbit, bmi1, bmi2, adx

Memory: 4k page, physical 3973488k(1876400k free), swap 8954224k(4769484k free)

vm_info: Java HotSpot(TM) 64-Bit Server VM (25.181-b13) for windows-amd64 JRE (1.8.0_181-b13), built on Jul  7 2018 04:01:33 by "java_re" with MS VC++ 10.0 (VS2010)

time: Mon Feb 11 08:54:03 2019
elapsed time: 1 seconds (0d 0h 0m 1s)

