#
# A fatal error has been detected by the Java Runtime Environment:
#
#  EXCEPTION_ACCESS_VIOLATION (0xc0000005) at pc=0x000000006c12c01d, pid=18956, tid=0x0000000000001694
#
# JRE version: Java(TM) SE Runtime Environment (8.0_181-b13) (build 1.8.0_181-b13)
# Java VM: Java HotSpot(TM) 64-Bit Server VM (25.181-b13 mixed mode windows-amd64 compressed oops)
# Problematic frame:
# C  [msvcr100.dll+0x3c01d]
#
# Failed to write core dump. Minidumps are not enabled by default on client versions of Windows
#
# If you would like to submit a bug report, please visit:
#   http://bugreport.java.com/bugreport/crash.jsp
# The crash happened outside the Java Virtual Machine in native code.
# See problematic frame for where to report the bug.
#

---------------  T H R E A D  ---------------

Current thread (0x0000000002e2e800):  JavaThread "main" [_thread_in_native, id=5780, stack(0x00000000013a0000,0x00000000014a0000)]

siginfo: ExceptionCode=0xc0000005, writing address 0x0000000000000000

Registers:
RAX=0x17001c18001f1b00, RBX=0x0000000000000000, RCX=0x0000000000000020, RDX=0x0000000017c0cf40
RSP=0x000000000149f2a8, RBP=0x00000000000001e0, RSI=0x0000000000000780, RDI=0x0000000017c0cf40
R8 =0x0000000000000780, R9 =0x000000000000003c, R10=0x001b18001b18001a, R11=0x0000000000000000
R12=0xfffffffffffff880, R13=0x0000000000000000, R14=0x000000000149f490, R15=0x0000000002e2e800
RIP=0x000000006c12c01d, EFLAGS=0x0000000000010202

Top of Stack: (sp=0x000000000149f2a8)
0x000000000149f2a8:   00007ffa8990422e 0000000000000000
0x000000000149f2b8:   000000000149f3d0 000000000149f490
0x000000000149f2c8:   0000000000000000 0000000000000000
0x000000000149f2d8:   00007ffa8990599b 00007ffa89b1e600
0x000000000149f2e8:   0000000000000000 0000000000000000
0x000000000149f2f8:   00007ffa89b1e640 00000000000001e0
0x000000000149f308:   0000000000000000 000000000149f301
0x000000000149f318:   000000006c3ac447 0000000014d92400
0x000000000149f328:   0000000000000000 0000000000000000
0x000000000149f338:   00007ffa89906946 0000000000000000
0x000000000149f348:   0000000002e2e800 00007ffa89b1e640
0x000000000149f358:   0000000016ced1d0 0000000014db7901
0x000000000149f368:   000000000149f490 0000000002e2e9f8
0x000000000149f378:   00007ffa898f10b2 0000000000000000
0x000000000149f388:   0000000000000000 000000000149f470
0x000000000149f398:   0000000001200021 0000000014db79d0 

Instructions: (pc=0x000000006c12c01d)
0x000000006c12bffd:   00 00 00 66 66 66 90 66 66 90 49 81 f9 00 20 00
0x000000006c12c00d:   00 73 42 48 8b 04 0a 4c 8b 54 0a 08 48 83 c1 20
0x000000006c12c01d:   48 89 41 e0 4c 89 51 e8 48 8b 44 0a f0 4c 8b 54
0x000000006c12c02d:   0a f8 49 ff c9 48 89 41 f0 4c 89 51 f8 75 d4 49 


Register to memory mapping:

RAX=0x17001c18001f1b00 is an unknown value
RBX=0x0000000000000000 is an unknown value
RCX=0x0000000000000020 is an unknown value
RDX=0x0000000017c0cf40 is an unknown value
RSP=0x000000000149f2a8 is pointing into the stack for thread: 0x0000000002e2e800
RBP=0x00000000000001e0 is an unknown value
RSI=0x0000000000000780 is an unknown value
RDI=0x0000000017c0cf40 is an unknown value
R8 =0x0000000000000780 is an unknown value
R9 =0x000000000000003c is an unknown value
R10=0x001b18001b18001a is an unknown value
R11=0x0000000000000000 is an unknown value
R12=0xfffffffffffff880 is an unknown value
R13=0x0000000000000000 is an unknown value
R14=0x000000000149f490 is pointing into the stack for thread: 0x0000000002e2e800
R15=0x0000000002e2e800 is a thread


Stack: [0x00000000013a0000,0x00000000014a0000],  sp=0x000000000149f2a8,  free space=1020k
Native frames: (J=compiled Java code, j=interpreted, Vv=VM code, C=native code)
C  [msvcr100.dll+0x3c01d]
C  [opencv_highgui248.dll+0x1422e]
C  [opencv_highgui248.dll+0x1599b]
C  [opencv_highgui248.dll+0x16946]
C  [opencv_highgui248.dll+0x10b2]
C  [jniopencv_highgui.dll+0x75d9]
C  0x0000000002e48c67

Java frames: (J=compiled Java code, j=interpreted, Vv=VM code)
j  com.googlecode.javacv.cpp.opencv_highgui.cvQueryFrame(Lcom/googlecode/javacv/cpp/opencv_highgui$CvCapture;)Lcom/googlecode/javacv/cpp/opencv_core$IplImage;+0
j  imageprocessing.ContourDemo.main([Ljava/lang/String;)V+60
v  ~StubRoutines::call_stub

---------------  P R O C E S S  ---------------

Java Threads: ( => current thread )
  0x0000000016a87000 JavaThread "Service Thread" daemon [_thread_blocked, id=14796, stack(0x0000000017080000,0x0000000017180000)]
  0x000000001537e800 JavaThread "C1 CompilerThread2" daemon [_thread_blocked, id=6848, stack(0x0000000016f80000,0x0000000017080000)]
  0x000000001537b800 JavaThread "C2 CompilerThread1" daemon [_thread_blocked, id=15872, stack(0x0000000016e80000,0x0000000016f80000)]
  0x0000000015319800 JavaThread "C2 CompilerThread0" daemon [_thread_blocked, id=9972, stack(0x0000000016980000,0x0000000016a80000)]
  0x0000000015326800 JavaThread "Attach Listener" daemon [_thread_blocked, id=5404, stack(0x0000000016880000,0x0000000016980000)]
  0x0000000015325800 JavaThread "Signal Dispatcher" daemon [_thread_blocked, id=13808, stack(0x0000000016780000,0x0000000016880000)]
  0x0000000002d75800 JavaThread "Finalizer" daemon [_thread_blocked, id=19056, stack(0x0000000016590000,0x0000000016690000)]
  0x0000000002d70000 JavaThread "Reference Handler" daemon [_thread_blocked, id=10832, stack(0x0000000016490000,0x0000000016590000)]
=>0x0000000002e2e800 JavaThread "main" [_thread_in_native, id=5780, stack(0x00000000013a0000,0x00000000014a0000)]

Other Threads:
  0x00000000152e8000 VMThread [stack: 0x0000000016390000,0x0000000016490000] [id=13108]
  0x0000000016a88800 WatcherThread [stack: 0x0000000017180000,0x0000000017280000] [id=14072]

VM state:not at safepoint (normal execution)

VM Mutex/Monitor currently owned by a thread: None

Heap:
 PSYoungGen      total 18432K, used 6588K [0x00000000ebc00000, 0x00000000ed080000, 0x0000000100000000)
  eden space 15872K, 41% used [0x00000000ebc00000,0x00000000ec26f1d0,0x00000000ecb80000)
  from space 2560K, 0% used [0x00000000ece00000,0x00000000ece00000,0x00000000ed080000)
  to   space 2560K, 0% used [0x00000000ecb80000,0x00000000ecb80000,0x00000000ece00000)
 ParOldGen       total 42496K, used 0K [0x00000000c3400000, 0x00000000c5d80000, 0x00000000ebc00000)
  object space 42496K, 0% used [0x00000000c3400000,0x00000000c3400000,0x00000000c5d80000)
 Metaspace       used 4590K, capacity 5472K, committed 5760K, reserved 1056768K
  class space    used 506K, capacity 528K, committed 640K, reserved 1048576K

Card table byte_map: [0x00000000121f0000,0x00000000123e0000] byte_map_base: 0x0000000011bd6000

Marking Bits: (ParMarkBitMap*) 0x000000006c9f2d00
 Begin Bits: [0x0000000012930000, 0x0000000013860000)
 End Bits:   [0x0000000013860000, 0x0000000014790000)

Polling page: 0x0000000001010000

CodeCache: size=245760Kb used=2151Kb max_used=2151Kb free=243608Kb
 bounds [0x0000000002e30000, 0x00000000030a0000, 0x0000000011e30000]
 total_blobs=737 nmethods=392 adapters=258
 compilation: enabled

Compilation events (10 events):
Event: 4.662 Thread 0x000000001537e800  388       3       com.googlecode.javacpp.Pointer::<init> (30 bytes)
Event: 4.662 Thread 0x000000001537e800 nmethod 388 0x0000000003048dd0 code [0x0000000003048f20, 0x0000000003049110]
Event: 4.662 Thread 0x000000001537e800  387       3       com.googlecode.javacpp.Pointer$NativeDeallocator::<init> (25 bytes)
Event: 4.663 Thread 0x000000001537e800 nmethod 387 0x00000000030491d0 code [0x0000000003049360, 0x0000000003049750]
Event: 4.663 Thread 0x000000001537e800  389       3       com.googlecode.javacv.cpp.opencv_core$CvScalar::<init> (9 bytes)
Event: 4.663 Thread 0x000000001537e800 nmethod 389 0x0000000003049990 code [0x0000000003049b00, 0x0000000003049d88]
Event: 4.663 Thread 0x000000001537e800  391       3       com.googlecode.javacv.cpp.opencv_core::cvScalar (30 bytes)
Event: 4.663 Thread 0x000000001537e800 nmethod 391 0x0000000003049e90 code [0x000000000304a040, 0x000000000304a448]
Event: 4.663 Thread 0x000000001537e800  392       3       com.googlecode.javacv.cpp.opencv_core::CV_RGB (9 bytes)
Event: 4.664 Thread 0x000000001537e800 nmethod 392 0x000000000304a750 code [0x000000000304a920, 0x000000000304ad18]

GC Heap History (0 events):
No events

Deoptimization events (0 events):
No events

Classes redefined (0 events):
No events

Internal exceptions (10 events):
Event: 0.159 Thread 0x0000000002e2e800 Exception <a 'java/security/PrivilegedActionException'> (0x00000000ebc80098) thrown at [C:\re\workspace\8-2-build-windows-amd64-cygwin\jdk8u181\11358\hotspot\src\share\vm\prims\jvm.cpp, line 1435]
Event: 0.159 Thread 0x0000000002e2e800 Exception <a 'java/security/PrivilegedActionException'> (0x00000000ebc802a8) thrown at [C:\re\workspace\8-2-build-windows-amd64-cygwin\jdk8u181\11358\hotspot\src\share\vm\prims\jvm.cpp, line 1435]
Event: 0.159 Thread 0x0000000002e2e800 Exception <a 'java/security/PrivilegedActionException'> (0x00000000ebc81150) thrown at [C:\re\workspace\8-2-build-windows-amd64-cygwin\jdk8u181\11358\hotspot\src\share\vm\prims\jvm.cpp, line 1435]
Event: 0.159 Thread 0x0000000002e2e800 Exception <a 'java/security/PrivilegedActionException'> (0x00000000ebc81360) thrown at [C:\re\workspace\8-2-build-windows-amd64-cygwin\jdk8u181\11358\hotspot\src\share\vm\prims\jvm.cpp, line 1435]
Event: 0.160 Thread 0x0000000002e2e800 Exception <a 'java/security/PrivilegedActionException'> (0x00000000ebc822b0) thrown at [C:\re\workspace\8-2-build-windows-amd64-cygwin\jdk8u181\11358\hotspot\src\share\vm\prims\jvm.cpp, line 1435]
Event: 0.160 Thread 0x0000000002e2e800 Exception <a 'java/security/PrivilegedActionException'> (0x00000000ebc824c0) thrown at [C:\re\workspace\8-2-build-windows-amd64-cygwin\jdk8u181\11358\hotspot\src\share\vm\prims\jvm.cpp, line 1435]
Event: 0.227 Thread 0x0000000002e2e800 Exception <a 'java/security/PrivilegedActionException'> (0x00000000ebd51ac0) thrown at [C:\re\workspace\8-2-build-windows-amd64-cygwin\jdk8u181\11358\hotspot\src\share\vm\prims\jvm.cpp, line 1435]
Event: 0.227 Thread 0x0000000002e2e800 Exception <a 'java/security/PrivilegedActionException'> (0x00000000ebd51cd0) thrown at [C:\re\workspace\8-2-build-windows-amd64-cygwin\jdk8u181\11358\hotspot\src\share\vm\prims\jvm.cpp, line 1435]
Event: 0.229 Thread 0x0000000002e2e800 Exception <a 'java/security/PrivilegedActionException'> (0x00000000ebd55be0) thrown at [C:\re\workspace\8-2-build-windows-amd64-cygwin\jdk8u181\11358\hotspot\src\share\vm\prims\jvm.cpp, line 1435]
Event: 0.229 Thread 0x0000000002e2e800 Exception <a 'java/security/PrivilegedActionException'> (0x00000000ebd55df0) thrown at [C:\re\workspace\8-2-build-windows-amd64-cygwin\jdk8u181\11358\hotspot\src\share\vm\prims\jvm.cpp, line 1435]

Events (10 events):
Event: 4.478 loading class com/googlecode/javacv/cpp/opencv_imgproc$CLAHE
Event: 4.478 loading class com/googlecode/javacv/cpp/opencv_imgproc$CLAHE done
Event: 4.478 loading class com/googlecode/javacv/cpp/opencv_imgproc$CvDistanceFunction
Event: 4.478 loading class com/googlecode/javacv/cpp/opencv_imgproc$CvDistanceFunction done
Event: 4.479 loading class com/googlecode/javacv/cpp/opencv_imgproc$CvFeatureTree
Event: 4.479 loading class com/googlecode/javacv/cpp/opencv_imgproc$CvFeatureTree done
Event: 4.479 loading class com/googlecode/javacv/cpp/opencv_imgproc$CvContourScanner
Event: 4.479 loading class com/googlecode/javacv/cpp/opencv_imgproc$CvContourScanner done
Event: 4.481 loading class java/nio/FloatBuffer
Event: 4.493 loading class java/nio/FloatBuffer done


Dynamic libraries:
0x00007ff717370000 - 0x00007ff7173a7000 	C:\Program Files\Java\jdk1.8.0_181\bin\java.exe
0x00007ffabebc0000 - 0x00007ffabeda1000 	C:\WINDOWS\SYSTEM32\ntdll.dll
0x00007ffabc4a0000 - 0x00007ffabc552000 	C:\WINDOWS\System32\KERNEL32.DLL
0x00007ffabb260000 - 0x00007ffabb4d3000 	C:\WINDOWS\System32\KERNELBASE.dll
0x00007ffabce50000 - 0x00007ffabcef1000 	C:\WINDOWS\System32\ADVAPI32.dll
0x00007ffabd350000 - 0x00007ffabd3ee000 	C:\WINDOWS\System32\msvcrt.dll
0x00007ffabcdc0000 - 0x00007ffabce1b000 	C:\WINDOWS\System32\sechost.dll
0x00007ffabd3f0000 - 0x00007ffabd514000 	C:\WINDOWS\System32\RPCRT4.dll
0x00007ffabc990000 - 0x00007ffabcb20000 	C:\WINDOWS\System32\USER32.dll
0x00007ffabc030000 - 0x00007ffabc050000 	C:\WINDOWS\System32\win32u.dll
0x00007ffabce20000 - 0x00007ffabce48000 	C:\WINDOWS\System32\GDI32.dll
0x00007ffabb720000 - 0x00007ffabb8b2000 	C:\WINDOWS\System32\gdi32full.dll
0x00007ffabaf90000 - 0x00007ffabb02f000 	C:\WINDOWS\System32\msvcp_win.dll
0x00007ffabb0b0000 - 0x00007ffabb1aa000 	C:\WINDOWS\System32\ucrtbase.dll
0x00007ffab56f0000 - 0x00007ffab5959000 	C:\WINDOWS\WinSxS\amd64_microsoft.windows.common-controls_6595b64144ccf1df_6.0.17134.523_none_fb409dd930672a56\COMCTL32.dll
0x00007ffabc560000 - 0x00007ffabc882000 	C:\WINDOWS\System32\combase.dll
0x00007ffabb030000 - 0x00007ffabb0aa000 	C:\WINDOWS\System32\bcryptPrimitives.dll
0x00007ffabe960000 - 0x00007ffabe98d000 	C:\WINDOWS\System32\IMM32.DLL
0x000000006c0f0000 - 0x000000006c1c2000 	C:\Program Files\Java\jdk1.8.0_181\jre\bin\msvcr100.dll
0x000000006c1d0000 - 0x000000006ca72000 	C:\Program Files\Java\jdk1.8.0_181\jre\bin\server\jvm.dll
0x00007ffabcb20000 - 0x00007ffabcb28000 	C:\WINDOWS\System32\PSAPI.DLL
0x00007ffaa8920000 - 0x00007ffaa8929000 	C:\WINDOWS\SYSTEM32\WSOCK32.dll
0x00007ffabcf10000 - 0x00007ffabcf7c000 	C:\WINDOWS\System32\WS2_32.dll
0x00007ffab7760000 - 0x00007ffab7783000 	C:\WINDOWS\SYSTEM32\WINMM.dll
0x00007ffab20e0000 - 0x00007ffab20ea000 	C:\WINDOWS\SYSTEM32\VERSION.dll
0x00007ffab7730000 - 0x00007ffab775a000 	C:\WINDOWS\SYSTEM32\WINMMBASE.dll
0x00007ffabb4e0000 - 0x00007ffabb529000 	C:\WINDOWS\System32\cfgmgr32.dll
0x000000006c0a0000 - 0x000000006c0af000 	C:\Program Files\Java\jdk1.8.0_181\jre\bin\verify.dll
0x000000006c070000 - 0x000000006c099000 	C:\Program Files\Java\jdk1.8.0_181\jre\bin\java.dll
0x000000006c050000 - 0x000000006c066000 	C:\Program Files\Java\jdk1.8.0_181\jre\bin\zip.dll
0x00007ffabd520000 - 0x00007ffabe960000 	C:\WINDOWS\System32\SHELL32.dll
0x00007ffabd2a0000 - 0x00007ffabd349000 	C:\WINDOWS\System32\shcore.dll
0x00007ffabb920000 - 0x00007ffabc02d000 	C:\WINDOWS\System32\windows.storage.dll
0x00007ffabd240000 - 0x00007ffabd291000 	C:\WINDOWS\System32\shlwapi.dll
0x00007ffabaed0000 - 0x00007ffabaee1000 	C:\WINDOWS\System32\kernel.appcore.dll
0x00007ffabaf10000 - 0x00007ffabaf2f000 	C:\WINDOWS\System32\profapi.dll
0x00007ffabaf40000 - 0x00007ffabaf8c000 	C:\WINDOWS\System32\powrprof.dll
0x00007ffabaf30000 - 0x00007ffabaf3a000 	C:\WINDOWS\System32\FLTLIB.DLL
0x000000006bb60000 - 0x000000006bc31000 	C:\Users\abhishek maurya\AppData\Local\Temp\javacpp1842357356579479\msvcr100.dll
0x000000006bac0000 - 0x000000006bb58000 	C:\Users\abhishek maurya\AppData\Local\Temp\javacpp1842357356579479\msvcp100.dll
0x0000000066840000 - 0x00000000676b4000 	C:\Users\abhishek maurya\AppData\Local\Temp\javacpp1842357356579479\opencv_ffmpeg248_64.dll
0x00007ffa90180000 - 0x00007ffa903f2000 	C:\Users\abhishek maurya\AppData\Local\Temp\javacpp1842357356579479\opencv_core248.dll
0x00007ffa8a070000 - 0x00007ffa8a322000 	C:\Users\abhishek maurya\AppData\Local\Temp\javacpp1842357356579479\opencv_imgproc248.dll
0x00007ffa898f0000 - 0x00007ffa89b3d000 	C:\Users\abhishek maurya\AppData\Local\Temp\javacpp1842357356579479\opencv_highgui248.dll
0x00007ffabe990000 - 0x00007ffabeae1000 	C:\WINDOWS\System32\ole32.dll
0x00007ffabccf0000 - 0x00007ffabcdb2000 	C:\WINDOWS\System32\OLEAUT32.dll
0x00007ffaab980000 - 0x00007ffaab9a9000 	C:\WINDOWS\SYSTEM32\MSVFW32.dll
0x00007ffab5bd0000 - 0x00007ffab5be8000 	C:\WINDOWS\SYSTEM32\AVICAP32.dll
0x00007ffab4040000 - 0x00007ffab405f000 	C:\WINDOWS\SYSTEM32\AVIFIL32.dll
0x00007ffaaa5a0000 - 0x00007ffaaa5bc000 	C:\WINDOWS\SYSTEM32\MSACM32.dll
0x00007ffab27e0000 - 0x00007ffab27f3000 	C:\Users\abhishek maurya\AppData\Local\Temp\javacpp1842357356579479\jniopencv_highgui.dll
0x00007ffab8de0000 - 0x00007ffab8e78000 	C:\WINDOWS\system32\uxtheme.dll
0x00007ffabeaf0000 - 0x00007ffabeb90000 	C:\WINDOWS\System32\clbcatq.dll
0x00007ffaabff0000 - 0x00007ffaac007000 	C:\Windows\System32\devenum.dll
0x00007ffabc050000 - 0x00007ffabc49b000 	C:\WINDOWS\System32\setupapi.dll
0x00007ffab9ff0000 - 0x00007ffaba021000 	C:\WINDOWS\SYSTEM32\ntmarta.dll
0x00007ffabac80000 - 0x00007ffabaca7000 	C:\WINDOWS\SYSTEM32\DEVOBJ.dll
0x00007ffabb8c0000 - 0x00007ffabb917000 	C:\WINDOWS\System32\WINTRUST.dll
0x00007ffabaef0000 - 0x00007ffabaf02000 	C:\WINDOWS\System32\MSASN1.dll
0x00007ffabb530000 - 0x00007ffabb712000 	C:\WINDOWS\System32\CRYPT32.dll
0x00007ffaab9d0000 - 0x00007ffaab9da000 	C:\WINDOWS\SYSTEM32\msdmo.dll
0x00007ffa9fde0000 - 0x00007ffa9fe13000 	C:\Windows\System32\qcap.dll
0x00007ffa84b90000 - 0x00007ffa84d4d000 	C:\Windows\System32\quartz.dll
0x00007ffaba9d0000 - 0x00007ffaba9f5000 	C:\Windows\System32\bcrypt.dll
0x00007ffabd0c0000 - 0x00007ffabd233000 	C:\WINDOWS\System32\MSCTF.dll
0x00007ffab9390000 - 0x00007ffab93b9000 	C:\WINDOWS\system32\dwmapi.dll
0x00007ffa97220000 - 0x00007ffa9726b000 	C:\Windows\System32\mfksproxy.dll
0x00007ffab0eb0000 - 0x00007ffab0ecd000 	C:\Windows\System32\ATL.DLL
0x00007ffab3be0000 - 0x00007ffab3dbb000 	C:\Windows\System32\MFPlat.DLL
0x00007ffab3ab0000 - 0x00007ffab3ade000 	C:\Windows\System32\RTWorkQ.DLL
0x00007ffa970c0000 - 0x00007ffa9710e000 	C:\Windows\System32\MFSENSORGROUP.dll
0x00007ffa96ca0000 - 0x00007ffa96ce8000 	C:\Windows\System32\ksproxy.ax
0x00007ffab1fb0000 - 0x00007ffab1fb9000 	C:\Windows\System32\ksuser.dll
0x00007ffa883c0000 - 0x00007ffa88557000 	C:\Windows\System32\d3d9.dll
0x00007ffab6400000 - 0x00007ffab647f000 	C:\WINDOWS\SYSTEM32\policymanager.dll
0x00007ffab6820000 - 0x00007ffab68b1000 	C:\Windows\System32\msvcp110_win.dll
0x00007ffab4070000 - 0x00007ffab407c000 	C:\Windows\System32\vidcap.ax
0x00007ffaab270000 - 0x00007ffaab296000 	C:\Windows\System32\kswdmcap.ax
0x00007ffa84460000 - 0x00007ffa845c4000 	C:\Windows\System32\MFC42.dll
0x00007ffa963d0000 - 0x00007ffa9646f000 	C:\Windows\System32\qedit.dll
0x00007ffabc8a0000 - 0x00007ffabc98d000 	C:\WINDOWS\System32\COMDLG32.dll
0x00007ffab0a00000 - 0x00007ffab0b9a000 	C:\WINDOWS\WinSxS\amd64_microsoft.windows.gdiplus_6595b64144ccf1df_1.1.17134.523_none_2c2b90be8af9a424\gdiplus.dll
0x00007ffa95ec0000 - 0x00007ffa95fb6000 	C:\Windows\System32\DDRAW.dll
0x00007ffab9c40000 - 0x00007ffab9cfb000 	C:\Windows\System32\dxgi.dll
0x00007ffaac2a0000 - 0x00007ffaac2a8000 	C:\Windows\System32\DCIMAN32.dll
0x00007ffaac260000 - 0x00007ffaac26c000 	C:\WINDOWS\SYSTEM32\msyuv.dll
0x00007ffa95890000 - 0x00007ffa9592a000 	C:\Users\abhishek maurya\AppData\Local\Temp\javacpp1842357356579479\jniopencv_core.dll
0x00007ffa96a10000 - 0x00007ffa96a5d000 	C:\Users\abhishek maurya\AppData\Local\Temp\javacpp1842357356579479\jniopencv_imgproc.dll
0x00007ffab0c50000 - 0x00007ffab0ce6000 	C:\WINDOWS\System32\TextInputFramework.dll
0x00007ffab4fd0000 - 0x00007ffab52ee000 	C:\WINDOWS\System32\CoreUIComponents.dll
0x00007ffab7ed0000 - 0x00007ffab7faa000 	C:\WINDOWS\System32\CoreMessaging.dll
0x00007ffab4e80000 - 0x00007ffab4fcd000 	C:\WINDOWS\SYSTEM32\wintypes.dll
0x00007ffab9930000 - 0x00007ffab9af9000 	C:\WINDOWS\SYSTEM32\dbghelp.dll

VM Arguments:
jvm_args: -Dfile.encoding=UTF-8 
java_command: imageprocessing.ContourDemo
java_class_path (initial): E:\installllll\opencv\build\java\opencv-400.jar;C:\javacv-bin\javacpp.jar;C:\javacv-bin\javacv-android-arm.jar;C:\javacv-bin\javacv-linux-x86.jar;C:\javacv-bin\javacv-linux-x86_64.jar;C:\javacv-bin\javacv-macosx-x86_64.jar;C:\javacv-bin\javacv-windows-x86.jar;C:\javacv-bin\javacv-windows-x86_64.jar;C:\javacv-bin\javacv.jar;C:\javacv-cppjars\ffmpeg-2.1.1-windows-x86.jar;C:\javacv-cppjars\ffmpeg-2.1.1-windows-x86_64.jar;C:\javacv-cppjars\opencv-2.4.8-windows-x86.jar;C:\javacv-cppjars\opencv-2.4.8-windows-x86_64.jar;C:\Users\abhishek maurya\Documents\NetBeansProjects\ImageProcessing\build\classes
Launcher Type: SUN_STANDARD

Environment Variables:
PATH=C:\oraclexe\app\oracle\product\11.2.0\server\bin;;C:\Program Files (x86)\Common Files\Oracle\Java\javapath;C:\ProgramData\Oracle\Java\javapath;C:\WINDOWS\system32;C:\WINDOWS;C:\WINDOWS\System32\Wbem;C:\WINDOWS\System32\WindowsPowerShell\v1.0\;C:\WINDOWS\System32\OpenSSH\;E:\installllll\;C:\Users\abhishek maurya\AppData\Local\Microsoft\WindowsApps;C:\Users\abhishek maurya\AppData\Roaming\npm
USERNAME=bikrant bikram
OS=Windows_NT
PROCESSOR_IDENTIFIER=Intel64 Family 6 Model 142 Stepping 9, GenuineIntel



---------------  S Y S T E M  ---------------

OS: Windows 10.0 , 64 bit Build 17134 (10.0.17134.1)

CPU:total 4 (initial active 4) (2 cores per cpu, 2 threads per core) family 6 model 142 stepping 9, cmov, cx8, fxsr, mmx, sse, sse2, sse3, ssse3, sse4.1, sse4.2, popcnt, avx, avx2, aes, clmul, erms, 3dnowpref, lzcnt, ht, tsc, tscinvbit, bmi1, bmi2, adx

Memory: 4k page, physical 3973488k(664860k free), swap 10035240k(3685912k free)

vm_info: Java HotSpot(TM) 64-Bit Server VM (25.181-b13) for windows-amd64 JRE (1.8.0_181-b13), built on Jul  7 2018 04:01:33 by "java_re" with MS VC++ 10.0 (VS2010)

time: Sun Feb 10 15:53:31 2019
elapsed time: 9 seconds (0d 0h 0m 9s)

