#
# A fatal error has been detected by the Java Runtime Environment:
#
#  EXCEPTION_ACCESS_VIOLATION (0xc0000005) at pc=0x0000000053cac01d, pid=2184, tid=0x000000000000036c
#
# JRE version: Java(TM) SE Runtime Environment (8.0_181-b13) (build 1.8.0_181-b13)
# Java VM: Java HotSpot(TM) 64-Bit Server VM (25.181-b13 mixed mode windows-amd64 compressed oops)
# Problematic frame:
# C  [msvcr100.dll+0x3c01d]
#
# Failed to write core dump. Minidumps are not enabled by default on client versions of Windows
#
# If you would like to submit a bug report, please visit:
#   http://bugreport.java.com/bugreport/crash.jsp
# The crash happened outside the Java Virtual Machine in native code.
# See problematic frame for where to report the bug.
#

---------------  T H R E A D  ---------------

Current thread (0x00000000029be800):  JavaThread "main" [_thread_in_native, id=876, stack(0x0000000002840000,0x0000000002940000)]

siginfo: ExceptionCode=0xc0000005, writing address 0x0000000000000000

Registers:
RAX=0x4002824209824209, RBX=0x0000000000000000, RCX=0x0000000000000020, RDX=0x00000000176eef10
RSP=0x000000000293f3c8, RBP=0x00000000000001e0, RSI=0x0000000000000780, RDI=0x00000000176eef10
R8 =0x0000000000000780, R9 =0x000000000000003c, R10=0x0073390079390080, R11=0x0000000000000000
R12=0xfffffffffffff880, R13=0x0000000000000000, R14=0x000000000293f5b0, R15=0x00000000029be800
RIP=0x0000000053cac01d, EFLAGS=0x0000000000010202

Top of Stack: (sp=0x000000000293f3c8)
0x000000000293f3c8:   00007ff951c4422e 0000000000000000
0x000000000293f3d8:   000000000293f4f0 000000000293f5b0
0x000000000293f3e8:   0000000000000000 0000000000000000
0x000000000293f3f8:   00007ff951c4599b 00007ff951e5e600
0x000000000293f408:   0000000000000000 0000000000000000
0x000000000293f418:   00007ff951e5e640 00000000000001e0
0x000000000293f428:   0000000000000000 000000000293f401
0x000000000293f438:   0000000053f2c447 0000000014a22440
0x000000000293f448:   0000000000000000 0000000000000000
0x000000000293f458:   00007ff951c46946 0000000000000000
0x000000000293f468:   00000000029be800 00007ff951e5e640
0x000000000293f478:   0000000016abe2c0 0000000014a47901
0x000000000293f488:   000000000293f5b0 00000000029be9f8
0x000000000293f498:   00007ff951c310b2 0000000000000000
0x000000000293f4a8:   0000000000000000 000000000293f590
0x000000000293f4b8:   0000000001200021 0000000014a479d0 

Instructions: (pc=0x0000000053cac01d)
0x0000000053cabffd:   00 00 00 66 66 66 90 66 66 90 49 81 f9 00 20 00
0x0000000053cac00d:   00 73 42 48 8b 04 0a 4c 8b 54 0a 08 48 83 c1 20
0x0000000053cac01d:   48 89 41 e0 4c 89 51 e8 48 8b 44 0a f0 4c 8b 54
0x0000000053cac02d:   0a f8 49 ff c9 48 89 41 f0 4c 89 51 f8 75 d4 49 


Register to memory mapping:

RAX=0x4002824209824209 is an unknown value
RBX=0x0000000000000000 is an unknown value
RCX=0x0000000000000020 is an unknown value
RDX=0x00000000176eef10 is an unknown value
RSP=0x000000000293f3c8 is pointing into the stack for thread: 0x00000000029be800
RBP=0x00000000000001e0 is an unknown value
RSI=0x0000000000000780 is an unknown value
RDI=0x00000000176eef10 is an unknown value
R8 =0x0000000000000780 is an unknown value
R9 =0x000000000000003c is an unknown value
R10=0x0073390079390080 is an unknown value
R11=0x0000000000000000 is an unknown value
R12=0xfffffffffffff880 is an unknown value
R13=0x0000000000000000 is an unknown value
R14=0x000000000293f5b0 is pointing into the stack for thread: 0x00000000029be800
R15=0x00000000029be800 is a thread


Stack: [0x0000000002840000,0x0000000002940000],  sp=0x000000000293f3c8,  free space=1020k
Native frames: (J=compiled Java code, j=interpreted, Vv=VM code, C=native code)
C  [msvcr100.dll+0x3c01d]
C  [opencv_highgui248.dll+0x1422e]
C  [opencv_highgui248.dll+0x1599b]
C  [opencv_highgui248.dll+0x16946]
C  [opencv_highgui248.dll+0x10b2]
C  [jniopencv_highgui.dll+0x75d9]
C  0x0000000002ad8c67

Java frames: (J=compiled Java code, j=interpreted, Vv=VM code)
j  com.googlecode.javacv.cpp.opencv_highgui.cvQueryFrame(Lcom/googlecode/javacv/cpp/opencv_highgui$CvCapture;)Lcom/googlecode/javacv/cpp/opencv_core$IplImage;+0
j  imageprocessing.ContourDemo.main([Ljava/lang/String;)V+110
v  ~StubRoutines::call_stub

---------------  P R O C E S S  ---------------

Java Threads: ( => current thread )
  0x0000000016838800 JavaThread "Service Thread" daemon [_thread_blocked, id=2572, stack(0x0000000016c10000,0x0000000016d10000)]
  0x0000000014fb6800 JavaThread "C1 CompilerThread2" daemon [_thread_blocked, id=116, stack(0x0000000016710000,0x0000000016810000)]
  0x0000000014fb1800 JavaThread "C2 CompilerThread1" daemon [_thread_blocked, id=2368, stack(0x0000000016610000,0x0000000016710000)]
  0x0000000014fad800 JavaThread "C2 CompilerThread0" daemon [_thread_blocked, id=1568, stack(0x0000000016510000,0x0000000016610000)]
  0x0000000014fac000 JavaThread "Attach Listener" daemon [_thread_blocked, id=8860, stack(0x0000000016410000,0x0000000016510000)]
  0x0000000014faa800 JavaThread "Signal Dispatcher" daemon [_thread_blocked, id=2736, stack(0x0000000016310000,0x0000000016410000)]
  0x0000000002abc000 JavaThread "Finalizer" daemon [_thread_blocked, id=1956, stack(0x0000000016210000,0x0000000016310000)]
  0x0000000002ab3000 JavaThread "Reference Handler" daemon [_thread_blocked, id=2356, stack(0x0000000016110000,0x0000000016210000)]
=>0x00000000029be800 JavaThread "main" [_thread_in_native, id=876, stack(0x0000000002840000,0x0000000002940000)]

Other Threads:
  0x0000000014f78000 VMThread [stack: 0x0000000016010000,0x0000000016110000] [id=2364]
  0x0000000016859000 WatcherThread [stack: 0x0000000016d10000,0x0000000016e10000] [id=3488]

VM state:not at safepoint (normal execution)

VM Mutex/Monitor currently owned by a thread: None

Heap:
 PSYoungGen      total 18432K, used 6588K [0x00000000ebc00000, 0x00000000ed080000, 0x0000000100000000)
  eden space 15872K, 41% used [0x00000000ebc00000,0x00000000ec26f2f8,0x00000000ecb80000)
  from space 2560K, 0% used [0x00000000ece00000,0x00000000ece00000,0x00000000ed080000)
  to   space 2560K, 0% used [0x00000000ecb80000,0x00000000ecb80000,0x00000000ece00000)
 ParOldGen       total 42496K, used 0K [0x00000000c3400000, 0x00000000c5d80000, 0x00000000ebc00000)
  object space 42496K, 0% used [0x00000000c3400000,0x00000000c3400000,0x00000000c5d80000)
 Metaspace       used 4587K, capacity 5472K, committed 5760K, reserved 1056768K
  class space    used 506K, capacity 528K, committed 640K, reserved 1048576K

Card table byte_map: [0x0000000011e80000,0x0000000012070000] byte_map_base: 0x0000000011866000

Marking Bits: (ParMarkBitMap*) 0x0000000054572d00
 Begin Bits: [0x00000000125c0000, 0x00000000134f0000)
 End Bits:   [0x00000000134f0000, 0x0000000014420000)

Polling page: 0x0000000000b10000

CodeCache: size=245760Kb used=2154Kb max_used=2154Kb free=243605Kb
 bounds [0x0000000002ac0000, 0x0000000002d30000, 0x0000000011ac0000]
 total_blobs=730 nmethods=385 adapters=258
 compilation: enabled

Compilation events (10 events):
Event: 0.947 Thread 0x0000000014fb6800  381       3       com.googlecode.javacpp.Pointer::deallocateReferences (28 bytes)
Event: 0.948 Thread 0x0000000014fb6800 nmethod 381 0x0000000002cd9e90 code [0x0000000002cda060, 0x0000000002cda968]
Event: 0.948 Thread 0x0000000014fb6800  382       3       java.lang.Object::equals (11 bytes)
Event: 0.948 Thread 0x0000000014fb6800 nmethod 382 0x0000000002cd6cd0 code [0x0000000002cd6e20, 0x0000000002cd6fd0]
Event: 0.948 Thread 0x0000000014fb6800  383   !   3       com.googlecode.javacpp.Pointer$DeallocatorReference::add (49 bytes)
Event: 0.948 Thread 0x0000000014fb6800 nmethod 383 0x0000000002cdac50 code [0x0000000002cdadc0, 0x0000000002cdb190]
Event: 0.948 Thread 0x0000000014fb6800  384       3       com.googlecode.javacpp.Pointer::init (36 bytes)
Event: 0.949 Thread 0x0000000014fb6800 nmethod 384 0x0000000002cdb2d0 code [0x0000000002cdb460, 0x0000000002cdb938]
Event: 0.949 Thread 0x0000000014fb6800  385       3       com.googlecode.javacpp.Pointer$NativeDeallocator::<init> (25 bytes)
Event: 0.949 Thread 0x0000000014fb6800 nmethod 385 0x0000000002cdbbd0 code [0x0000000002cdbd60, 0x0000000002cdc150]

GC Heap History (0 events):
No events

Deoptimization events (0 events):
No events

Classes redefined (0 events):
No events

Internal exceptions (10 events):
Event: 0.073 Thread 0x00000000029be800 Exception <a 'java/security/PrivilegedActionException'> (0x00000000ebc80098) thrown at [C:\re\workspace\8-2-build-windows-amd64-cygwin\jdk8u181\11358\hotspot\src\share\vm\prims\jvm.cpp, line 1435]
Event: 0.073 Thread 0x00000000029be800 Exception <a 'java/security/PrivilegedActionException'> (0x00000000ebc802a8) thrown at [C:\re\workspace\8-2-build-windows-amd64-cygwin\jdk8u181\11358\hotspot\src\share\vm\prims\jvm.cpp, line 1435]
Event: 0.073 Thread 0x00000000029be800 Exception <a 'java/security/PrivilegedActionException'> (0x00000000ebc81150) thrown at [C:\re\workspace\8-2-build-windows-amd64-cygwin\jdk8u181\11358\hotspot\src\share\vm\prims\jvm.cpp, line 1435]
Event: 0.073 Thread 0x00000000029be800 Exception <a 'java/security/PrivilegedActionException'> (0x00000000ebc81360) thrown at [C:\re\workspace\8-2-build-windows-amd64-cygwin\jdk8u181\11358\hotspot\src\share\vm\prims\jvm.cpp, line 1435]
Event: 0.073 Thread 0x00000000029be800 Exception <a 'java/security/PrivilegedActionException'> (0x00000000ebc822b0) thrown at [C:\re\workspace\8-2-build-windows-amd64-cygwin\jdk8u181\11358\hotspot\src\share\vm\prims\jvm.cpp, line 1435]
Event: 0.073 Thread 0x00000000029be800 Exception <a 'java/security/PrivilegedActionException'> (0x00000000ebc824c0) thrown at [C:\re\workspace\8-2-build-windows-amd64-cygwin\jdk8u181\11358\hotspot\src\share\vm\prims\jvm.cpp, line 1435]
Event: 0.095 Thread 0x00000000029be800 Exception <a 'java/security/PrivilegedActionException'> (0x00000000ebd51c18) thrown at [C:\re\workspace\8-2-build-windows-amd64-cygwin\jdk8u181\11358\hotspot\src\share\vm\prims\jvm.cpp, line 1435]
Event: 0.095 Thread 0x00000000029be800 Exception <a 'java/security/PrivilegedActionException'> (0x00000000ebd51e28) thrown at [C:\re\workspace\8-2-build-windows-amd64-cygwin\jdk8u181\11358\hotspot\src\share\vm\prims\jvm.cpp, line 1435]
Event: 0.095 Thread 0x00000000029be800 Exception <a 'java/security/PrivilegedActionException'> (0x00000000ebd55d38) thrown at [C:\re\workspace\8-2-build-windows-amd64-cygwin\jdk8u181\11358\hotspot\src\share\vm\prims\jvm.cpp, line 1435]
Event: 0.096 Thread 0x00000000029be800 Exception <a 'java/security/PrivilegedActionException'> (0x00000000ebd55f48) thrown at [C:\re\workspace\8-2-build-windows-amd64-cygwin\jdk8u181\11358\hotspot\src\share\vm\prims\jvm.cpp, line 1435]

Events (10 events):
Event: 0.938 loading class com/googlecode/javacv/cpp/opencv_imgproc$CLAHE
Event: 0.938 loading class com/googlecode/javacv/cpp/opencv_imgproc$CLAHE done
Event: 0.938 loading class com/googlecode/javacv/cpp/opencv_imgproc$CvDistanceFunction
Event: 0.938 loading class com/googlecode/javacv/cpp/opencv_imgproc$CvDistanceFunction done
Event: 0.939 loading class com/googlecode/javacv/cpp/opencv_imgproc$CvFeatureTree
Event: 0.939 loading class com/googlecode/javacv/cpp/opencv_imgproc$CvFeatureTree done
Event: 0.939 loading class com/googlecode/javacv/cpp/opencv_imgproc$CvContourScanner
Event: 0.939 loading class com/googlecode/javacv/cpp/opencv_imgproc$CvContourScanner done
Event: 0.940 loading class java/nio/FloatBuffer
Event: 0.940 loading class java/nio/FloatBuffer done


Dynamic libraries:
0x00007ff628cf0000 - 0x00007ff628d27000 	C:\Program Files\Java\jdk1.8.0_181\bin\java.exe
0x00007ff977a10000 - 0x00007ff977bf1000 	C:\WINDOWS\SYSTEM32\ntdll.dll
0x00007ff975230000 - 0x00007ff9752e2000 	C:\WINDOWS\System32\KERNEL32.DLL
0x00007ff974bc0000 - 0x00007ff974e33000 	C:\WINDOWS\System32\KERNELBASE.dll
0x00007ff975730000 - 0x00007ff9757d1000 	C:\WINDOWS\System32\ADVAPI32.dll
0x00007ff977730000 - 0x00007ff9777ce000 	C:\WINDOWS\System32\msvcrt.dll
0x00007ff9752f0000 - 0x00007ff97534b000 	C:\WINDOWS\System32\sechost.dll
0x00007ff9777e0000 - 0x00007ff977904000 	C:\WINDOWS\System32\RPCRT4.dll
0x00007ff975510000 - 0x00007ff9756a0000 	C:\WINDOWS\System32\USER32.dll
0x00007ff973eb0000 - 0x00007ff973ed0000 	C:\WINDOWS\System32\win32u.dll
0x00007ff9754e0000 - 0x00007ff975508000 	C:\WINDOWS\System32\GDI32.dll
0x00007ff974730000 - 0x00007ff9748c2000 	C:\WINDOWS\System32\gdi32full.dll
0x00007ff9745e0000 - 0x00007ff97467f000 	C:\WINDOWS\System32\msvcp_win.dll
0x00007ff974ac0000 - 0x00007ff974bba000 	C:\WINDOWS\System32\ucrtbase.dll
0x00007ff96c4f0000 - 0x00007ff96c759000 	C:\WINDOWS\WinSxS\amd64_microsoft.windows.common-controls_6595b64144ccf1df_6.0.17134.523_none_fb409dd930672a56\COMCTL32.dll
0x00007ff974f00000 - 0x00007ff975222000 	C:\WINDOWS\System32\combase.dll
0x00007ff973de0000 - 0x00007ff973e5a000 	C:\WINDOWS\System32\bcryptPrimitives.dll
0x00007ff9758e0000 - 0x00007ff97590d000 	C:\WINDOWS\System32\IMM32.DLL
0x0000000053c70000 - 0x0000000053d42000 	C:\Program Files\Java\jdk1.8.0_181\jre\bin\msvcr100.dll
0x0000000053d50000 - 0x00000000545f2000 	C:\Program Files\Java\jdk1.8.0_181\jre\bin\server\jvm.dll
0x00007ff9777d0000 - 0x00007ff9777d8000 	C:\WINDOWS\System32\PSAPI.DLL
0x00007ff9698e0000 - 0x00007ff9698e9000 	C:\WINDOWS\SYSTEM32\WSOCK32.dll
0x00007ff971a80000 - 0x00007ff971aa3000 	C:\WINDOWS\SYSTEM32\WINMM.dll
0x00007ff96c320000 - 0x00007ff96c32a000 	C:\WINDOWS\SYSTEM32\VERSION.dll
0x00007ff9757e0000 - 0x00007ff97584c000 	C:\WINDOWS\System32\WS2_32.dll
0x00007ff971360000 - 0x00007ff97138a000 	C:\WINDOWS\SYSTEM32\winmmbase.dll
0x00007ff973e60000 - 0x00007ff973ea9000 	C:\WINDOWS\System32\cfgmgr32.dll
0x0000000053c20000 - 0x0000000053c2f000 	C:\Program Files\Java\jdk1.8.0_181\jre\bin\verify.dll
0x0000000053bf0000 - 0x0000000053c19000 	C:\Program Files\Java\jdk1.8.0_181\jre\bin\java.dll
0x0000000053bd0000 - 0x0000000053be6000 	C:\Program Files\Java\jdk1.8.0_181\jre\bin\zip.dll
0x00007ff975ce0000 - 0x00007ff977120000 	C:\WINDOWS\System32\SHELL32.dll
0x00007ff975c30000 - 0x00007ff975cd9000 	C:\WINDOWS\System32\shcore.dll
0x00007ff973ed0000 - 0x00007ff9745dd000 	C:\WINDOWS\System32\windows.storage.dll
0x00007ff977280000 - 0x00007ff9772d1000 	C:\WINDOWS\System32\shlwapi.dll
0x00007ff973d90000 - 0x00007ff973da1000 	C:\WINDOWS\System32\kernel.appcore.dll
0x00007ff973d70000 - 0x00007ff973d8f000 	C:\WINDOWS\System32\profapi.dll
0x00007ff973d20000 - 0x00007ff973d6c000 	C:\WINDOWS\System32\powrprof.dll
0x00007ff973db0000 - 0x00007ff973dba000 	C:\WINDOWS\System32\FLTLIB.DLL
0x0000000053670000 - 0x0000000053741000 	C:\Users\abhishek maurya\AppData\Local\Temp\javacpp2454929466700\msvcr100.dll
0x00000000535d0000 - 0x0000000053668000 	C:\Users\abhishek maurya\AppData\Local\Temp\javacpp2454929466700\msvcp100.dll
0x0000000066840000 - 0x00000000676b4000 	C:\Users\abhishek maurya\AppData\Local\Temp\javacpp2454929466700\opencv_ffmpeg248_64.dll
0x00007ff961830000 - 0x00007ff961aa2000 	C:\Users\abhishek maurya\AppData\Local\Temp\javacpp2454929466700\opencv_core248.dll
0x00007ff95cca0000 - 0x00007ff95cf52000 	C:\Users\abhishek maurya\AppData\Local\Temp\javacpp2454929466700\opencv_imgproc248.dll
0x00007ff951c30000 - 0x00007ff951e7d000 	C:\Users\abhishek maurya\AppData\Local\Temp\javacpp2454929466700\opencv_highgui248.dll
0x00007ff977120000 - 0x00007ff977271000 	C:\WINDOWS\System32\ole32.dll
0x00007ff977910000 - 0x00007ff9779d2000 	C:\WINDOWS\System32\OLEAUT32.dll
0x00007ff96fcf0000 - 0x00007ff96fd0f000 	C:\WINDOWS\SYSTEM32\AVIFIL32.dll
0x00007ff96a540000 - 0x00007ff96a569000 	C:\WINDOWS\SYSTEM32\MSVFW32.dll
0x00007ff96f1a0000 - 0x00007ff96f1b8000 	C:\WINDOWS\SYSTEM32\AVICAP32.dll
0x00007ff96fd20000 - 0x00007ff96fd3c000 	C:\WINDOWS\SYSTEM32\MSACM32.dll
0x00007ff96a3d0000 - 0x00007ff96a3e3000 	C:\Users\abhishek maurya\AppData\Local\Temp\javacpp2454929466700\jniopencv_highgui.dll
0x00007ff971f20000 - 0x00007ff971fb8000 	C:\WINDOWS\system32\uxtheme.dll
0x00007ff975440000 - 0x00007ff9754e0000 	C:\WINDOWS\System32\clbcatq.dll
0x00007ff95e320000 - 0x00007ff95e337000 	C:\Windows\System32\devenum.dll
0x00007ff9772e0000 - 0x00007ff97772b000 	C:\WINDOWS\System32\setupapi.dll
0x00007ff972e10000 - 0x00007ff972e41000 	C:\WINDOWS\SYSTEM32\ntmarta.dll
0x00007ff973ad0000 - 0x00007ff973af7000 	C:\WINDOWS\SYSTEM32\DEVOBJ.dll
0x00007ff974e40000 - 0x00007ff974e97000 	C:\WINDOWS\System32\WINTRUST.dll
0x00007ff973dc0000 - 0x00007ff973dd2000 	C:\WINDOWS\System32\MSASN1.dll
0x00007ff9748d0000 - 0x00007ff974ab2000 	C:\WINDOWS\System32\CRYPT32.dll
0x00007ff95e310000 - 0x00007ff95e31a000 	C:\WINDOWS\SYSTEM32\msdmo.dll
0x00007ff96a3f0000 - 0x00007ff96a423000 	C:\Windows\System32\qcap.dll
0x00007ff962190000 - 0x00007ff96234d000 	C:\Windows\System32\quartz.dll
0x00007ff973820000 - 0x00007ff973845000 	C:\Windows\System32\bcrypt.dll
0x00007ff975ab0000 - 0x00007ff975c23000 	C:\WINDOWS\System32\MSCTF.dll
0x00007ff972310000 - 0x00007ff972339000 	C:\WINDOWS\system32\dwmapi.dll
0x00007ff969fb0000 - 0x00007ff969ffb000 	C:\Windows\System32\mfksproxy.dll
0x00007ff96e1a0000 - 0x00007ff96e1bd000 	C:\Windows\System32\ATL.DLL
0x00007ff96e6d0000 - 0x00007ff96e8ab000 	C:\Windows\System32\MFPlat.DLL
0x00007ff96e3e0000 - 0x00007ff96e40e000 	C:\Windows\System32\RTWorkQ.DLL
0x00007ff969f60000 - 0x00007ff969fae000 	C:\Windows\System32\MFSENSORGROUP.dll
0x00007ff962140000 - 0x00007ff962188000 	C:\Windows\System32\ksproxy.ax
0x00007ff961fa0000 - 0x00007ff962137000 	C:\Windows\System32\d3d9.dll
0x00007ff96d100000 - 0x00007ff96d109000 	C:\Windows\System32\ksuser.dll
0x00007ff96f3b0000 - 0x00007ff96f42f000 	C:\WINDOWS\SYSTEM32\policymanager.dll
0x00007ff9702e0000 - 0x00007ff970371000 	C:\Windows\System32\msvcp110_win.dll
0x00007ff96fce0000 - 0x00007ff96fcec000 	C:\Windows\System32\vidcap.ax
0x00007ff96a510000 - 0x00007ff96a536000 	C:\Windows\System32\kswdmcap.ax
0x00007ff961e30000 - 0x00007ff961f94000 	C:\Windows\System32\MFC42.dll
0x00007ff961d90000 - 0x00007ff961e2f000 	C:\Windows\System32\qedit.dll
0x00007ff975350000 - 0x00007ff97543d000 	C:\WINDOWS\System32\COMDLG32.dll
0x00007ff96c350000 - 0x00007ff96c4ea000 	C:\WINDOWS\WinSxS\amd64_microsoft.windows.gdiplus_6595b64144ccf1df_1.1.17134.523_none_2c2b90be8af9a424\gdiplus.dll
0x00007ff961c90000 - 0x00007ff961d86000 	C:\Windows\System32\DDRAW.dll
0x00007ff96d6f0000 - 0x00007ff96d6f8000 	C:\Windows\System32\DCIMAN32.dll
0x00007ff972a90000 - 0x00007ff972b4b000 	C:\Windows\System32\dxgi.dll
0x00007ff96d6e0000 - 0x00007ff96d6ec000 	C:\WINDOWS\SYSTEM32\msyuv.dll
0x00007ff961790000 - 0x00007ff96182a000 	C:\Users\abhishek maurya\AppData\Local\Temp\javacpp2454929466700\jniopencv_core.dll
0x00007ff961740000 - 0x00007ff96178d000 	C:\Users\abhishek maurya\AppData\Local\Temp\javacpp2454929466700\jniopencv_imgproc.dll
0x00007ff96c030000 - 0x00007ff96c0c6000 	C:\WINDOWS\System32\TextInputFramework.dll
0x00007ff96b150000 - 0x00007ff96b46e000 	C:\WINDOWS\System32\CoreUIComponents.dll
0x00007ff971650000 - 0x00007ff97172a000 	C:\WINDOWS\System32\CoreMessaging.dll
0x00007ff96efa0000 - 0x00007ff96f0ed000 	C:\WINDOWS\SYSTEM32\wintypes.dll
0x00007ff972720000 - 0x00007ff9728e9000 	C:\WINDOWS\SYSTEM32\dbghelp.dll

VM Arguments:
jvm_args: -Dfile.encoding=UTF-8 
java_command: imageprocessing.ContourDemo
java_class_path (initial): E:\installllll\opencv\build\java\opencv-400.jar;C:\javacv-bin\javacpp.jar;C:\javacv-bin\javacv-android-arm.jar;C:\javacv-bin\javacv-linux-x86.jar;C:\javacv-bin\javacv-linux-x86_64.jar;C:\javacv-bin\javacv-macosx-x86_64.jar;C:\javacv-bin\javacv-windows-x86.jar;C:\javacv-bin\javacv-windows-x86_64.jar;C:\javacv-bin\javacv.jar;C:\javacv-cppjars\ffmpeg-2.1.1-windows-x86.jar;C:\javacv-cppjars\ffmpeg-2.1.1-windows-x86_64.jar;C:\javacv-cppjars\opencv-2.4.8-windows-x86.jar;C:\javacv-cppjars\opencv-2.4.8-windows-x86_64.jar;C:\Users\abhishek maurya\Documents\NetBeansProjects\ImageProcessing\build\classes
Launcher Type: SUN_STANDARD

Environment Variables:
PATH=C:\oraclexe\app\oracle\product\11.2.0\server\bin;;C:\Program Files (x86)\Common Files\Oracle\Java\javapath;C:\ProgramData\Oracle\Java\javapath;C:\WINDOWS\system32;C:\WINDOWS;C:\WINDOWS\System32\Wbem;C:\WINDOWS\System32\WindowsPowerShell\v1.0\;C:\WINDOWS\System32\OpenSSH\;E:\installllll\;C:\Users\abhishek maurya\AppData\Local\Microsoft\WindowsApps;C:\Users\abhishek maurya\AppData\Roaming\npm
USERNAME=bikrant bikram
OS=Windows_NT
PROCESSOR_IDENTIFIER=Intel64 Family 6 Model 142 Stepping 9, GenuineIntel



---------------  S Y S T E M  ---------------

OS: Windows 10.0 , 64 bit Build 17134 (10.0.17134.1)

CPU:total 4 (initial active 4) (2 cores per cpu, 2 threads per core) family 6 model 142 stepping 9, cmov, cx8, fxsr, mmx, sse, sse2, sse3, ssse3, sse4.1, sse4.2, popcnt, avx, avx2, aes, clmul, erms, 3dnowpref, lzcnt, ht, tsc, tscinvbit, bmi1, bmi2, adx

Memory: 4k page, physical 3973488k(1926236k free), swap 8954224k(4928588k free)

vm_info: Java HotSpot(TM) 64-Bit Server VM (25.181-b13) for windows-amd64 JRE (1.8.0_181-b13), built on Jul  7 2018 04:01:33 by "java_re" with MS VC++ 10.0 (VS2010)

time: Mon Feb 11 08:49:17 2019
elapsed time: 1 seconds (0d 0h 0m 1s)

